{"timestamp":"2025-10-27T14:51:51.093939Z","level":"info","event":"DAG bundles loaded: dags-folder","logger":"airflow.dag_processing.bundles.manager.DagBundlesManager","filename":"manager.py","lineno":179}
{"timestamp":"2025-10-27T14:51:51.097133Z","level":"info","event":"Filling up the DagBag from /opt/airflow/dags/book_batch_processor_dag.py","logger":"airflow.models.dagbag.DagBag","filename":"dagbag.py","lineno":593}
{"timestamp":"2025-10-27T14:51:51.424984Z","level":"warning","event":"The `airflow.decorators.dag` attribute is deprecated. Please use `'airflow.sdk.dag'`.","category":"DeprecatedImportWarning","filename":"/opt/airflow/dags/book_batch_processor_dag.py","lineno":1,"logger":"py.warnings"}
{"timestamp":"2025-10-27T14:51:51.425188Z","level":"warning","event":"The `airflow.decorators.task` attribute is deprecated. Please use `'airflow.sdk.task'`.","category":"DeprecatedImportWarning","filename":"/opt/airflow/dags/book_batch_processor_dag.py","lineno":1,"logger":"py.warnings"}
{"timestamp":"2025-10-27T14:51:51.755860Z","level":"info","event":"Batch size configured: 10","logger":"task.stdout"}
{"timestamp":"2025-10-27T14:51:51.771117Z","level":"info","event":"Total unread books: 60","logger":"task.stdout"}
{"timestamp":"2025-10-27T14:51:51.771509Z","level":"info","event":"Total chunks created: 6","logger":"task.stdout"}
{"timestamp":"2025-10-27T14:51:51.772577Z","level":"info","event":"","logger":"task.stdout"}
{"timestamp":"2025-10-27T14:51:51.772801Z","level":"info","event":"Processing chunk 1/6 with 10 items","logger":"task.stdout"}
{"timestamp":"2025-10-27T14:51:51.861001Z","level":"info","event":"Chunk progress: 0/10 read (0.0%)","logger":"task.stdout"}
{"timestamp":"2025-10-27T14:51:56.879944Z","level":"info","event":"Chunk progress: 0/10 read (0.0%)","logger":"task.stdout"}
{"timestamp":"2025-10-27T14:52:01.873844Z","level":"info","event":"Chunk progress: 0/10 read (0.0%)","logger":"task.stdout"}
{"timestamp":"2025-10-27T14:52:07.043400Z","level":"info","event":"Chunk progress: 0/10 read (0.0%)","logger":"task.stdout"}
{"timestamp":"2025-10-27T14:52:12.043024Z","level":"info","event":"Chunk progress: 0/10 read (0.0%)","logger":"task.stdout"}
{"timestamp":"2025-10-27T14:52:17.048296Z","level":"info","event":"Chunk progress: 0/10 read (0.0%)","logger":"task.stdout"}
{"timestamp":"2025-10-27T14:52:22.052562Z","level":"info","event":"Chunk progress: 0/10 read (0.0%)","logger":"task.stdout"}
{"timestamp":"2025-10-27T14:52:27.057423Z","level":"info","event":"Chunk progress: 0/10 read (0.0%)","logger":"task.stdout"}
{"timestamp":"2025-10-27T14:52:32.062368Z","level":"info","event":"Chunk progress: 0/10 read (0.0%)","logger":"task.stdout"}
{"timestamp":"2025-10-27T14:52:37.116161Z","level":"info","event":"Chunk progress: 0/10 read (0.0%)","logger":"task.stdout"}
{"timestamp":"2025-10-27T14:52:42.075784Z","level":"info","event":"Chunk progress: 0/10 read (0.0%)","logger":"task.stdout"}
{"timestamp":"2025-10-27T14:52:47.186304Z","level":"info","event":"Chunk progress: 0/10 read (0.0%)","logger":"task.stdout"}
{"timestamp":"2025-10-27T14:52:52.232158Z","level":"info","event":"Chunk progress: 0/10 read (0.0%)","logger":"task.stdout"}
{"timestamp":"2025-10-27T14:52:57.333747Z","level":"info","event":"Chunk progress: 0/10 read (0.0%)","logger":"task.stdout"}
{"timestamp":"2025-10-27T14:53:02.248761Z","level":"info","event":"Chunk progress: 0/10 read (0.0%)","logger":"task.stdout"}
{"timestamp":"2025-10-27T14:53:27.184847Z","level":"info","event":"Chunk progress: 0/10 read (0.0%)","logger":"task.stdout"}
{"timestamp":"2025-10-27T14:53:27.185557Z","level":"info","event":"Chunk progress: 0/10 read (0.0%)","logger":"task.stdout"}
{"timestamp":"2025-10-27T14:53:27.185935Z","level":"info","event":"Chunk progress: 0/10 read (0.0%)","logger":"task.stdout"}
{"timestamp":"2025-10-27T14:53:27.186313Z","level":"info","event":"Chunk progress: 0/10 read (0.0%)","logger":"task.stdout"}
{"timestamp":"2025-10-27T14:53:28.951193Z","level":"info","event":"Chunk progress: 0/10 read (0.0%)","logger":"task.stdout"}
{"timestamp":"2025-10-27T14:53:34.015452Z","level":"error","event":"Server indicated the task shouldn't be running anymore. Terminating process","detail":{"detail":{"reason":"not_running","message":"TI is no longer in the running state and task should terminate","current_state":"failed"}},"logger":"task"}
{"timestamp":"2025-10-27T14:53:34.034470Z","level":"info","event":"Chunk progress: 0/10 read (0.0%)","logger":"task.stdout"}
{"timestamp":"2025-10-27T14:53:38.964380Z","level":"info","event":"Chunk progress: 0/10 read (0.0%)","logger":"task.stdout"}
{"timestamp":"2025-10-27T14:53:39.046886Z","level":"error","event":"Task killed!","logger":"task"}
